

Microchip Technology PIC LITE Macro Assembler V1.36 build -262312587 
                                                                                               Thu Mar 12 22:11:35 2026

Microchip Technology Omniscient Code Generator v1.36 (Free mode) build 201601150325
     1                           	processor	16F887
     2                           	opt	pw 120
     3                           	opt	lm
     4                           	psect	cinit,global,class=CODE,merge=1,delta=2
     5                           	psect	cstackCOMMON,global,class=COMMON,space=1,delta=1
     6                           	psect	maintext,global,class=CODE,split=1,delta=2
     7                           	dabs	1,0x7E,2
     8  0000                     	;# 
     9  0001                     	;# 
    10  0002                     	;# 
    11  0003                     	;# 
    12  0004                     	;# 
    13  0005                     	;# 
    14  0006                     	;# 
    15  0007                     	;# 
    16  0008                     	;# 
    17  0009                     	;# 
    18  000A                     	;# 
    19  000B                     	;# 
    20  000C                     	;# 
    21  000D                     	;# 
    22  000E                     	;# 
    23  000E                     	;# 
    24  000F                     	;# 
    25  0010                     	;# 
    26  0011                     	;# 
    27  0012                     	;# 
    28  0013                     	;# 
    29  0014                     	;# 
    30  0015                     	;# 
    31  0015                     	;# 
    32  0016                     	;# 
    33  0017                     	;# 
    34  0018                     	;# 
    35  0019                     	;# 
    36  001A                     	;# 
    37  001B                     	;# 
    38  001B                     	;# 
    39  001C                     	;# 
    40  001D                     	;# 
    41  001E                     	;# 
    42  001F                     	;# 
    43  0081                     	;# 
    44  0085                     	;# 
    45  0086                     	;# 
    46  0087                     	;# 
    47  0088                     	;# 
    48  0089                     	;# 
    49  008C                     	;# 
    50  008D                     	;# 
    51  008E                     	;# 
    52  008F                     	;# 
    53  0090                     	;# 
    54  0091                     	;# 
    55  0092                     	;# 
    56  0093                     	;# 
    57  0093                     	;# 
    58  0093                     	;# 
    59  0094                     	;# 
    60  0095                     	;# 
    61  0096                     	;# 
    62  0097                     	;# 
    63  0098                     	;# 
    64  0099                     	;# 
    65  009A                     	;# 
    66  009B                     	;# 
    67  009C                     	;# 
    68  009D                     	;# 
    69  009E                     	;# 
    70  009F                     	;# 
    71  0105                     	;# 
    72  0107                     	;# 
    73  0108                     	;# 
    74  0109                     	;# 
    75  010C                     	;# 
    76  010C                     	;# 
    77  010D                     	;# 
    78  010E                     	;# 
    79  010F                     	;# 
    80  0185                     	;# 
    81  0187                     	;# 
    82  0188                     	;# 
    83  0189                     	;# 
    84  018C                     	;# 
    85  018D                     	;# 
    86                           
    87                           ; #config settings
    88  0000                     
    89                           	psect	cinit
    90  07FC                     start_initialization:	
    91  07FC                     __initialization:	
    92  07FC                     end_of_initialization:	
    93                           ;End of C runtime variable initialization code
    94                           
    95  07FC                     __end_of__initialization:	
    96  07FC  0183               	clrf	3
    97  07FD  120A  118A  2FE6   	ljmp	_main	;jump to C main() function
    98                           
    99                           	psect	cstackCOMMON
   100  0000                     __pcstackCOMMON:	
   101  0000                     ?_main:	
   102  0000                     ??_main:	
   103                           ; 1 bytes @ 0x0
   104                           
   105                           
   106                           	psect	maintext
   107  07E6                     __pmaintext:	
   108                           ; 1 bytes @ 0x0
   109 ;;
   110 ;;Main: autosize = 0, tempsize = 0, incstack = 0, save=0
   111 ;;
   112 ;; *************** function _main *****************
   113 ;; Defined at:
   114 ;;		line 13 in file "gpio.c"
   115 ;; Parameters:    Size  Location     Type
   116 ;;		None
   117 ;; Auto vars:     Size  Location     Type
   118 ;;		None
   119 ;; Return value:  Size  Location     Type
   120 ;;                  1    wreg      void 
   121 ;; Registers used:
   122 ;;		None
   123 ;; Tracked objects:
   124 ;;		On entry : B00/0
   125 ;;		On exit  : 0/0
   126 ;;		Unchanged: 0/0
   127 ;; Data sizes:     COMMON   BANK0   BANK1   BANK3   BANK2
   128 ;;      Params:         0       0       0       0       0
   129 ;;      Locals:         0       0       0       0       0
   130 ;;      Temps:          0       0       0       0       0
   131 ;;      Totals:         0       0       0       0       0
   132 ;;Total ram usage:        0 bytes
   133 ;; This function calls:
   134 ;;		Nothing
   135 ;; This function is called by:
   136 ;;		Startup code after reset
   137 ;; This function uses a non-reentrant model
   138 ;;
   139                           
   140                           
   141                           ;psect for function _main
   142  07E6                     _main:	
   143  07E6                     MAIN_INIT:	
   144                           ;incstack = 0
   145                           ; Regs used in _main: []
   146                           
   147                           
   148                           ;# 
   149  07E6  1303               	bcf	3,6	;# 
   150  07E7  1283               	bcf	3,5	;BANK0 ;# 
   151  07E8  0181               	clrf	1	;clear the counter ;# 
   152  07E9  1683               	bsf	3,5	;BANK1 ;# 
   153  07EA  1281               	bcf	129,5	;we will use internal osc which is 4Mhz ;# 
   154  07EB  1181               	bcf	129,3	;the pcs is assigned to timer0 itself not the watchdog ;# 
   155  07EC  1401               	bsf	129,0	;# 
   156  07ED  1481               	bsf	129,1	;# 
   157  07EE  1501               	bsf	129,2	;now the pcs is 256 now each tick takes 256 us ;# 
   158  07EF  1208               	bcf	136,4	;make RD4 as output, its a buildin led on my custom board ;# 
   159  07F0  1283               	bcf	3,5	;BANK0 ;# 
   160  07F1                     MAIN_LOOP:	
   161                           
   162                           ;# 
   163  07F1  190B               	btfsc	11,2	;# 
   164  07F2  27F4               	call	DISPLAY	;# 
   165  07F3  2FF1               	goto	MAIN_LOOP	;# 
   166  07F4                     DISPLAY:	
   167                           
   168                           ;# 
   169  07F4  110B               	bcf	11,2	;# 
   170  07F5  0808               	movf	8,w	;# 
   171  07F6  3A10               	xorlw	16	;# 
   172  07F7  0088               	movwf	8	;# 
   173  07F8  0008               	return	;# 
   174                           
   175                           ;gpio.c: 45: return;
   176  07F9  120A  118A  2800   	ljmp	start
   177  07FC                     __end_of_main:	
   178  007E                     btemp	set	126	;btemp
   179  007E                     wtemp	set	126
   180  007E                     wtemp0	set	126
   181  0080                     wtemp1	set	128
   182  0082                     wtemp2	set	130
   183  0084                     wtemp3	set	132
   184  0086                     wtemp4	set	134
   185  0088                     wtemp5	set	136
   186  007F                     wtemp6	set	127
   187  007E                     ttemp	set	126
   188  007E                     ttemp0	set	126
   189  0081                     ttemp1	set	129
   190  0084                     ttemp2	set	132
   191  0087                     ttemp3	set	135
   192  007F                     ttemp4	set	127
   193  007E                     ltemp	set	126
   194  007E                     ltemp0	set	126
   195  0082                     ltemp1	set	130
   196  0086                     ltemp2	set	134
   197  0080                     ltemp3	set	128


Data Sizes:
    Strings     0
    Constant    0
    Data        0
    BSS         0
    Persistent  0
    Stack       0

Auto Spaces:
    Space          Size  Autos    Used
    COMMON           14      0       0
    BANK0            80      0       0
    BANK1            80      0       0
    BANK3            96      0       0
    BANK2            96      0       0

Pointer List with Targets:

    None.

Critical Paths under _main in COMMON

    None.

Critical Paths under _main in BANK0

    None.

Critical Paths under _main in BANK1

    None.

Critical Paths under _main in BANK3

    None.

Critical Paths under _main in BANK2

    None.

Call Graph Tables:

 ---------------------------------------------------------------------------------
 (Depth) Function   	        Calls       Base Space   Used Autos Params    Refs
 ---------------------------------------------------------------------------------
 (0) _main                                                 0     0      0       0
 ---------------------------------------------------------------------------------
 Estimated maximum stack depth 0
 ---------------------------------------------------------------------------------

 Call Graph Graphs:

 _main (ROOT)

 Address spaces:
Name               Size   Autos  Total    Cost      Usage
BITCOMMON            E      0       0       0        0.0%
EEDATA             100      0       0       0        0.0%
NULL                 0      0       0       0        0.0%
CODE                 0      0       0       0        0.0%
COMMON               E      0       0       1        0.0%
BITSFR0              0      0       0       1        0.0%
SFR0                 0      0       0       1        0.0%
BITSFR1              0      0       0       2        0.0%
SFR1                 0      0       0       2        0.0%
STACK                0      0       0       2        0.0%
ABS                  0      0       0       3        0.0%
BITBANK0            50      0       0       4        0.0%
BITSFR3              0      0       0       4        0.0%
SFR3                 0      0       0       4        0.0%
BANK0               50      0       0       5        0.0%
BITSFR2              0      0       0       5        0.0%
SFR2                 0      0       0       5        0.0%
BITBANK1            50      0       0       6        0.0%
BANK1               50      0       0       7        0.0%
BITBANK3            60      0       0       8        0.0%
BANK3               60      0       0       9        0.0%
BITBANK2            60      0       0      10        0.0%
BANK2               60      0       0      11        0.0%
DATA                 0      0       0      12        0.0%


Microchip Technology PIC Macro Assembler V1.36 build -262312587 
Symbol Table                                                                                   Thu Mar 12 22:11:35 2026

                     TMR0 0001              __CFG_LVP$OFF 0000                      PORTD 0008  
                    TRISD 0088                      _main 07E6                      btemp 007E  
                    ltemp 007E                      start 0000                      ttemp 007E  
                    wtemp 007E                     INTCON 000B                     STATUS 0003  
                   ?_main 0000             __CFG_WDTE$OFF 0000                     ltemp0 007E  
                   ltemp1 0082                     ltemp2 0086                     ltemp3 0080  
                   ttemp0 007E                     ttemp1 0081                     ttemp2 0084  
                   ttemp3 0087                     ttemp4 007F                     status 0003  
                   wtemp0 007E                     wtemp1 0080                     wtemp2 0082  
                   wtemp3 0084                     wtemp4 0086                     wtemp5 0088  
                   wtemp6 007F           __initialization 07FC              __end_of_main 07FC  
                  ??_main 0000                    DISPLAY 07F4   __end_of__initialization 07FC  
          __pcstackCOMMON 0000                __pmaintext 07E6                 OPTION_REG 0081  
    end_of_initialization 07FC       start_initialization 07FC  __CFG_FOSC$INTRC_NOCLKOUT 0000  
                MAIN_INIT 07E6                  MAIN_LOOP 07F1                 ___latbits 0002  
           __size_of_main 0016  
